\BOOKMARK [1][-]{section.1}{Introduction}{}% 1
\BOOKMARK [1][-]{section.2}{Problems with the current most used template}{}% 2
\BOOKMARK [1][-]{section.3}{Sample description}{}% 3
\BOOKMARK [2][-]{subsection.3.1}{Telluric Correction}{section.3}% 4
\BOOKMARK [1][-]{section.4}{Composite Construction}{}% 5
\BOOKMARK [2][-]{subsection.4.1}{Determining the redshift}{section.4}% 6
\BOOKMARK [2][-]{subsection.4.2}{Resampling}{section.4}% 7
\BOOKMARK [2][-]{subsection.4.3}{Extinction}{section.4}% 8
\BOOKMARK [2][-]{subsection.4.4}{IGM absorption correction}{section.4}% 9
\BOOKMARK [2][-]{subsection.4.5}{Normalisation}{section.4}% 10
\BOOKMARK [2][-]{subsection.4.6}{Combination}{section.4}% 11
\BOOKMARK [1][-]{section.5}{Results}{}% 12
\BOOKMARK [2][-]{subsection.5.1}{Systematics}{section.5}% 13
\BOOKMARK [2][-]{subsection.5.2}{The case of Q0918+1636}{section.5}% 14
\BOOKMARK [2][-]{subsection.5.3}{The case of Q2222-0946}{section.5}% 15
\BOOKMARK [1][-]{section.6}{Discussion}{}% 16
\BOOKMARK [2][-]{subsection.6.1}{Comparison to existing composites}{section.6}% 17
\BOOKMARK [2][-]{subsection.6.2}{Consequences of application to Q0918+1636 and Q2222-0946}{section.6}% 18
\BOOKMARK [2][-]{subsection.6.3}{Discussion of systematic}{section.6}% 19
\BOOKMARK [2][-]{subsection.6.4}{Discussion of systematic effects from the choice of targets}{section.6}% 20
\BOOKMARK [1][-]{section.7}{Conclusion}{}% 21
\BOOKMARK [1][-]{appendix.A}{Mean spectral index}{}% 22
